Determining if the pthread_create exist failed with the following output:
Change Dir: /home/feras/programmiersprachen-raytracer/framework/CMakeFiles/CMakeTmp

Run Build Command:"/usr/bin/make" "cmTC_4d42e/fast"
/usr/bin/make -f CMakeFiles/cmTC_4d42e.dir/build.make CMakeFiles/cmTC_4d42e.dir/build
make[1]: Verzeichnis „/home/feras/programmiersprachen-raytracer/framework/CMakeFiles/CMakeTmp“ wird betreten
Building C object CMakeFiles/cmTC_4d42e.dir/CheckSymbolExists.c.o
/usr/bin/cc    -o CMakeFiles/cmTC_4d42e.dir/CheckSymbolExists.c.o   -c /home/feras/programmiersprachen-raytracer/framework/CMakeFiles/CMakeTmp/CheckSymbolExists.c
Linking C executable cmTC_4d42e
/usr/local/bin/cmake -E cmake_link_script CMakeFiles/cmTC_4d42e.dir/link.txt --verbose=1
/usr/bin/cc      -rdynamic CMakeFiles/cmTC_4d42e.dir/CheckSymbolExists.c.o  -o cmTC_4d42e 
CMakeFiles/cmTC_4d42e.dir/CheckSymbolExists.c.o: In Funktion `main':
CheckSymbolExists.c:(.text+0x16): Nicht definierter Verweis auf `pthread_create'
collect2: error: ld returned 1 exit status
CMakeFiles/cmTC_4d42e.dir/build.make:86: die Regel für Ziel „cmTC_4d42e“ scheiterte
make[1]: *** [cmTC_4d42e] Fehler 1
make[1]: Verzeichnis „/home/feras/programmiersprachen-raytracer/framework/CMakeFiles/CMakeTmp“ wird verlassen
Makefile:126: die Regel für Ziel „cmTC_4d42e/fast“ scheiterte
make: *** [cmTC_4d42e/fast] Fehler 2

File /home/feras/programmiersprachen-raytracer/framework/CMakeFiles/CMakeTmp/CheckSymbolExists.c:
/* */
#include <pthread.h>

int main(int argc, char** argv)
{
  (void)argv;
#ifndef pthread_create
  return ((int*)(&pthread_create))[argc];
#else
  (void)argc;
  return 0;
#endif
}

Determining if the function pthread_create exists in the pthreads failed with the following output:
Change Dir: /home/feras/programmiersprachen-raytracer/framework/CMakeFiles/CMakeTmp

Run Build Command:"/usr/bin/make" "cmTC_4bf32/fast"
/usr/bin/make -f CMakeFiles/cmTC_4bf32.dir/build.make CMakeFiles/cmTC_4bf32.dir/build
make[1]: Verzeichnis „/home/feras/programmiersprachen-raytracer/framework/CMakeFiles/CMakeTmp“ wird betreten
Building C object CMakeFiles/cmTC_4bf32.dir/CheckFunctionExists.c.o
/usr/bin/cc   -DCHECK_FUNCTION_EXISTS=pthread_create   -o CMakeFiles/cmTC_4bf32.dir/CheckFunctionExists.c.o   -c /usr/local/share/cmake-3.11/Modules/CheckFunctionExists.c
Linking C executable cmTC_4bf32
/usr/local/bin/cmake -E cmake_link_script CMakeFiles/cmTC_4bf32.dir/link.txt --verbose=1
/usr/bin/cc  -DCHECK_FUNCTION_EXISTS=pthread_create    -rdynamic CMakeFiles/cmTC_4bf32.dir/CheckFunctionExists.c.o  -o cmTC_4bf32 -lpthreads 
/usr/bin/ld: cannot find -lpthreads
collect2: error: ld returned 1 exit status
CMakeFiles/cmTC_4bf32.dir/build.make:86: die Regel für Ziel „cmTC_4bf32“ scheiterte
make[1]: *** [cmTC_4bf32] Fehler 1
make[1]: Verzeichnis „/home/feras/programmiersprachen-raytracer/framework/CMakeFiles/CMakeTmp“ wird verlassen
Makefile:126: die Regel für Ziel „cmTC_4bf32/fast“ scheiterte
make: *** [cmTC_4bf32/fast] Fehler 2


